{"uuid":"3ffb3d55-7274-4ed4-b8a0-3e34b62c7d3f","historyId":"167ff96aae330229a6e35407f336616d","fullName":"com.thetestingacademy.ATB9xSeleniumAdavanceFramework.Tests.vwoTestCases.PageFactory.TestVWOLogin_04_POM_PropertiesReader.testLoginNegativeVWO","labels":[{"name":"package","value":"com.thetestingacademy.ATB9xSeleniumAdavanceFramework.Tests.vwoTestCases.PageFactory.TestVWOLogin_04_POM_PropertiesReader"},{"name":"testClass","value":"com.thetestingacademy.ATB9xSeleniumAdavanceFramework.Tests.vwoTestCases.PageFactory.TestVWOLogin_04_POM_PropertiesReader"},{"name":"testMethod","value":"testLoginNegativeVWO"},{"name":"parentSuite","value":"Default suite"},{"name":"suite","value":"Default test"},{"name":"subSuite","value":"com.thetestingacademy.ATB9xSeleniumAdavanceFramework.Tests.vwoTestCases.PageFactory.TestVWOLogin_04_POM_PropertiesReader"},{"name":"host","value":"FJOSEBAB1"},{"name":"thread","value":"9420@FJOSEBAB1.main(1)"},{"name":"framework","value":"testng"},{"name":"language","value":"java"},{"name":"owner","value":"Febil"}],"links":[],"name":"testLoginNegativeVWO","status":"broken","statusDetails":{"known":false,"muted":false,"flaky":false,"message":"java.io.FileNotFoundException: C:\\Users\\fjosebab\\git\\ATB9xSeleniumAdavanceFramework\\ATB9xSeleniumAdavanceFramework\\src\\main\\resources\\data.properties (The system cannot find the path specified)","trace":"java.lang.RuntimeException: java.io.FileNotFoundException: C:\\Users\\fjosebab\\git\\ATB9xSeleniumAdavanceFramework\\ATB9xSeleniumAdavanceFramework\\src\\main\\resources\\data.properties (The system cannot find the path specified)\r\n\tat com.thetestingacademy.ATB9xSeleniumAdavanceFramework.utils.PropertiesReader.readKey(PropertiesReader.java:17)\r\n\tat com.thetestingacademy.ATB9xSeleniumAdavanceFramework.Tests.vwoTestCases.PageFactory.TestVWOLogin_04_POM_PropertiesReader.testLoginNegativeVWO(TestVWOLogin_04_POM_PropertiesReader.java:35)\r\n\tat java.base/jdk.internal.reflect.DirectMethodHandleAccessor.invoke(DirectMethodHandleAccessor.java:103)\r\n\tat java.base/java.lang.reflect.Method.invoke(Method.java:580)\r\n\tat org.testng.internal.invokers.MethodInvocationHelper.invokeMethod(MethodInvocationHelper.java:139)\r\n\tat org.testng.internal.invokers.TestInvoker.invokeMethod(TestInvoker.java:664)\r\n\tat org.testng.internal.invokers.TestInvoker.invokeTestMethod(TestInvoker.java:228)\r\n\tat org.testng.internal.invokers.MethodRunner.runInSequence(MethodRunner.java:63)\r\n\tat org.testng.internal.invokers.TestInvoker$MethodInvocationAgent.invoke(TestInvoker.java:961)\r\n\tat org.testng.internal.invokers.TestInvoker.invokeTestMethods(TestInvoker.java:201)\r\n\tat org.testng.internal.invokers.TestMethodWorker.invokeTestMethods(TestMethodWorker.java:148)\r\n\tat org.testng.internal.invokers.TestMethodWorker.run(TestMethodWorker.java:128)\r\n\tat java.base/java.util.ArrayList.forEach(ArrayList.java:1596)\r\n\tat org.testng.TestRunner.privateRun(TestRunner.java:819)\r\n\tat org.testng.TestRunner.run(TestRunner.java:619)\r\n\tat org.testng.SuiteRunner.runTest(SuiteRunner.java:443)\r\n\tat org.testng.SuiteRunner.runSequentially(SuiteRunner.java:437)\r\n\tat org.testng.SuiteRunner.privateRun(SuiteRunner.java:397)\r\n\tat org.testng.SuiteRunner.run(SuiteRunner.java:336)\r\n\tat org.testng.SuiteRunnerWorker.runSuite(SuiteRunnerWorker.java:52)\r\n\tat org.testng.SuiteRunnerWorker.run(SuiteRunnerWorker.java:95)\r\n\tat org.testng.TestNG.runSuitesSequentially(TestNG.java:1301)\r\n\tat org.testng.TestNG.runSuitesLocally(TestNG.java:1228)\r\n\tat org.testng.TestNG.runSuites(TestNG.java:1134)\r\n\tat org.testng.TestNG.run(TestNG.java:1101)\r\n\tat org.testng.remote.AbstractRemoteTestNG.run(AbstractRemoteTestNG.java:115)\r\n\tat org.testng.remote.RemoteTestNG.initAndRun(RemoteTestNG.java:293)\r\n\tat org.testng.remote.RemoteTestNG.main(RemoteTestNG.java:91)\r\nCaused by: java.io.FileNotFoundException: C:\\Users\\fjosebab\\git\\ATB9xSeleniumAdavanceFramework\\ATB9xSeleniumAdavanceFramework\\src\\main\\resources\\data.properties (The system cannot find the path specified)\r\n\tat java.base/java.io.FileInputStream.open0(Native Method)\r\n\tat java.base/java.io.FileInputStream.open(FileInputStream.java:213)\r\n\tat java.base/java.io.FileInputStream.<init>(FileInputStream.java:152)\r\n\tat java.base/java.io.FileInputStream.<init>(FileInputStream.java:106)\r\n\tat com.thetestingacademy.ATB9xSeleniumAdavanceFramework.utils.PropertiesReader.readKey(PropertiesReader.java:12)\r\n\t... 27 more\r\n"},"stage":"finished","description":"Verify that invalid creds give error message","steps":[],"attachments":[],"parameters":[],"start":1737732726096,"stop":1737732737153}